<?xml version="1.0" encoding="UTF-8"?>
<!-- Generated by org.testng.reporters.JUnitReportReporter -->
<testsuite hostname="ATMECSINLT-085" failures="0" tests="5" name="Cal.Sample.AppTest" time="17.888" errors="0" timestamp="21 Aug 2019 07:35:47 GMT" skipped="0">
  <testcase classname="Cal.Sample.AppTest" name="Deleting" time="12.797"/>
  <testcase classname="Cal.Sample.AppTest" name="select" time="0.109"/>
  <testcase classname="Cal.Sample.AppTest" name="Insert" time="0.048"/>
  <testcase classname="Cal.Sample.AppTest" name="testApp" time="0.004"/>
  <testcase classname="Cal.Sample.AppTest" name="Update" time="4.930"/>
</testsuite> <!-- Cal.Sample.AppTest -->
